[30-Jun-2017 14:48:19 America/La_Paz] PHP Parse error:  syntax error, unexpected 'echo' (T_ECHO), expecting function (T_FUNCTION) in /var/www/html/newliberty/index.php on line 9
[30-Jun-2017 14:48:48 America/La_Paz] PHP Parse error:  syntax error, unexpected 'echo' (T_ECHO), expecting function (T_FUNCTION) in /var/www/html/newliberty/index.php on line 10
[30-Jun-2017 14:56:17 America/La_Paz] PHP Parse error:  syntax error, unexpected 'echo' (T_ECHO), expecting function (T_FUNCTION) in /var/www/html/newliberty/includes/configuration/prepend.inc.php on line 60
[30-Jun-2017 14:58:44 America/La_Paz] PHP Parse error:  syntax error, unexpected 'else' (T_ELSE) in /var/www/html/newliberty/includes/configuration/prepend.inc.php on line 158
[30-Jun-2017 14:34:59 America/Caracas] PHP Parse error:  syntax error, unexpected 'else' (T_ELSE) in /var/www/html/newliberty/includes/qcubed/_core/qcubed.inc.php on line 68
[30-Jun-2017 14:48:19 America/Caracas] PHP Parse error:  syntax error, unexpected '.28' (T_DNUMBER), expecting ',' or ';' in /var/www/html/newliberty/includes/app_includes/app_includes.inc.php on line 2
[30-Jun-2017 15:25:14 America/La_Paz] PHP Notice:  Use of undefined constant __QCUBED_CORE__ - assumed '__QCUBED_CORE__' in /var/www/html/newliberty/includes/configuration/prepend.inc.php on line 32
[30-Jun-2017 15:25:14 America/La_Paz] PHP Warning:  require(__QCUBED_CORE__/framework/DisableMagicQuotes.inc.php): failed to open stream: No such file or directory in /var/www/html/newliberty/includes/configuration/prepend.inc.php on line 32
[30-Jun-2017 15:25:14 America/La_Paz] PHP Fatal error:  require(): Failed opening required '__QCUBED_CORE__/framework/DisableMagicQuotes.inc.php' (include_path='.:/usr/share/php') in /var/www/html/newliberty/includes/configuration/prepend.inc.php on line 32
[30-Jun-2017 15:27:25 America/La_Paz] PHP Notice:  Use of undefined constant __QCUBED_CORE__ - assumed '__QCUBED_CORE__' in /var/www/html/newliberty/includes/configuration/prepend.inc.php on line 33
[30-Jun-2017 15:27:25 America/La_Paz] PHP Warning:  require(__QCUBED_CORE__/qcubed.inc.php): failed to open stream: No such file or directory in /var/www/html/newliberty/includes/configuration/prepend.inc.php on line 33
[30-Jun-2017 15:27:25 America/La_Paz] PHP Fatal error:  require(): Failed opening required '__QCUBED_CORE__/qcubed.inc.php' (include_path='.:/usr/share/php') in /var/www/html/newliberty/includes/configuration/prepend.inc.php on line 33
[30-Jun-2017 15:32:59 America/La_Paz] PHP Notice:  Use of undefined constant __QCUBED_CORE__ - assumed '__QCUBED_CORE__' in /var/www/html/newliberty/includes/configuration/prepend.inc.php on line 32
[30-Jun-2017 15:32:59 America/La_Paz] PHP Warning:  require(__QCUBED_CORE__/framework/DisableMagicQuotes.inc.php): failed to open stream: No such file or directory in /var/www/html/newliberty/includes/configuration/prepend.inc.php on line 32
[30-Jun-2017 15:32:59 America/La_Paz] PHP Fatal error:  require(): Failed opening required '__QCUBED_CORE__/framework/DisableMagicQuotes.inc.php' (include_path='.:/usr/share/php') in /var/www/html/newliberty/includes/configuration/prepend.inc.php on line 32
[30-Jun-2017 15:35:22 America/La_Paz] PHP Fatal error:  Class 'QApplicationBase' not found in /var/www/html/newliberty/includes/configuration/prepend.inc.php on line 48
[30-Jun-2017 15:36:50 America/La_Paz] PHP Fatal error:  Uncaught exception 'LogicException' with message 'Passed array does not specify an existing static method (class 'QApplication' not found)' in /var/www/html/newliberty/includes/configuration/prepend.inc.php:74
Stack trace:
#0 /var/www/html/newliberty/includes/configuration/prepend.inc.php(74): spl_autoload_register(Array)
#1 /var/www/html/newliberty/qcubed.inc.php(8): require_once('/var/www/html/n...')
#2 /var/www/html/newliberty/index.php(3): require_once('/var/www/html/n...')
#3 {main}
  thrown in /var/www/html/newliberty/includes/configuration/prepend.inc.php on line 74
[30-Jun-2017 15:37:16 America/La_Paz] PHP Fatal error:  Class 'QApplicationBase' not found in /var/www/html/newliberty/includes/configuration/prepend.inc.php on line 48
[30-Jun-2017 15:37:53 America/La_Paz] PHP Notice:  Use of undefined constant __QCUBED_CORE__ - assumed '__QCUBED_CORE__' in /var/www/html/newliberty/includes/configuration/prepend.inc.php on line 32
[30-Jun-2017 15:37:53 America/La_Paz] PHP Warning:  require(__QCUBED_CORE__/framework/DisableMagicQuotes.inc.php): failed to open stream: No such file or directory in /var/www/html/newliberty/includes/configuration/prepend.inc.php on line 32
[30-Jun-2017 15:37:53 America/La_Paz] PHP Fatal error:  require(): Failed opening required '__QCUBED_CORE__/framework/DisableMagicQuotes.inc.php' (include_path='.:/usr/share/php') in /var/www/html/newliberty/includes/configuration/prepend.inc.php on line 32
[30-Jun-2017 15:38:07 America/La_Paz] PHP Notice:  Use of undefined constant __QCUBED_CORE__ - assumed '__QCUBED_CORE__' in /var/www/html/newliberty/includes/configuration/prepend.inc.php on line 32
[30-Jun-2017 15:38:07 America/La_Paz] PHP Warning:  require(__QCUBED_CORE__/framework/DisableMagicQuotes.inc.php): failed to open stream: No such file or directory in /var/www/html/newliberty/includes/configuration/prepend.inc.php on line 32
[30-Jun-2017 15:38:07 America/La_Paz] PHP Fatal error:  require(): Failed opening required '__QCUBED_CORE__/framework/DisableMagicQuotes.inc.php' (include_path='.:/usr/share/php') in /var/www/html/newliberty/includes/configuration/prepend.inc.php on line 32
[30-Jun-2017 15:38:37 America/La_Paz] PHP Notice:  Use of undefined constant __QCUBED_CORE__ - assumed '__QCUBED_CORE__' in /var/www/html/newliberty/includes/configuration/prepend.inc.php on line 32
[30-Jun-2017 15:38:37 America/La_Paz] PHP Warning:  require(__QCUBED_CORE__/framework/DisableMagicQuotes.inc.php): failed to open stream: No such file or directory in /var/www/html/newliberty/includes/configuration/prepend.inc.php on line 32
[30-Jun-2017 15:38:37 America/La_Paz] PHP Fatal error:  require(): Failed opening required '__QCUBED_CORE__/framework/DisableMagicQuotes.inc.php' (include_path='.:/usr/share/php') in /var/www/html/newliberty/includes/configuration/prepend.inc.php on line 32
[30-Jun-2017 15:39:23 America/La_Paz] PHP Notice:  Use of undefined constant __QCUBED_CORE__ - assumed '__QCUBED_CORE__' in /var/www/html/newliberty/includes/configuration/prepend.inc.php on line 32
[30-Jun-2017 15:39:23 America/La_Paz] PHP Warning:  require(__QCUBED_CORE__/framework/DisableMagicQuotes.inc.php): failed to open stream: No such file or directory in /var/www/html/newliberty/includes/configuration/prepend.inc.php on line 32
[30-Jun-2017 15:39:23 America/La_Paz] PHP Fatal error:  require(): Failed opening required '__QCUBED_CORE__/framework/DisableMagicQuotes.inc.php' (include_path='.:/usr/share/php') in /var/www/html/newliberty/includes/configuration/prepend.inc.php on line 32
[30-Jun-2017 15:40:21 America/La_Paz] PHP Notice:  Use of undefined constant __QCUBED_CORE__ - assumed '__QCUBED_CORE__' in /var/www/html/newliberty/includes/configuration/prepend.inc.php on line 32
[30-Jun-2017 15:40:21 America/La_Paz] PHP Warning:  require(__QCUBED_CORE__/framework/DisableMagicQuotes.inc.php): failed to open stream: No such file or directory in /var/www/html/newliberty/includes/configuration/prepend.inc.php on line 32
[30-Jun-2017 15:40:21 America/La_Paz] PHP Fatal error:  require(): Failed opening required '__QCUBED_CORE__/framework/DisableMagicQuotes.inc.php' (include_path='.:/usr/share/php') in /var/www/html/newliberty/includes/configuration/prepend.inc.php on line 32
[30-Jun-2017 15:42:08 America/La_Paz] PHP Parse error:  syntax error, unexpected end of file in /var/www/html/newliberty/includes/configuration/prepend.inc.php on line 145
[30-Jun-2017 15:42:53 America/La_Paz] PHP Parse error:  syntax error, unexpected end of file in /var/www/html/newliberty/includes/configuration/prepend.inc.php on line 145
[30-Jun-2017 15:43:14 America/La_Paz] PHP Parse error:  syntax error, unexpected end of file in /var/www/html/newliberty/includes/configuration/prepend.inc.php on line 145
[30-Jun-2017 15:43:51 America/La_Paz] PHP Notice:  Use of undefined constant __QCUBED_CORE__ - assumed '__QCUBED_CORE__' in /var/www/html/newliberty/includes/configuration/prepend.inc.php on line 32
[30-Jun-2017 15:43:51 America/La_Paz] PHP Warning:  require(__QCUBED_CORE__/framework/DisableMagicQuotes.inc.php): failed to open stream: No such file or directory in /var/www/html/newliberty/includes/configuration/prepend.inc.php on line 32
[30-Jun-2017 15:43:51 America/La_Paz] PHP Fatal error:  require(): Failed opening required '__QCUBED_CORE__/framework/DisableMagicQuotes.inc.php' (include_path='.:/usr/share/php') in /var/www/html/newliberty/includes/configuration/prepend.inc.php on line 32
[30-Jun-2017 15:46:36 America/La_Paz] PHP Notice:  Use of undefined constant __QCUBED_CORE__ - assumed '__QCUBED_CORE__' in /var/www/html/newliberty/includes/configuration/prepend.inc.php on line 32
[30-Jun-2017 15:46:36 America/La_Paz] PHP Warning:  require(__QCUBED_CORE__/framework/DisableMagicQuotes.inc.php): failed to open stream: No such file or directory in /var/www/html/newliberty/includes/configuration/prepend.inc.php on line 32
[30-Jun-2017 15:46:36 America/La_Paz] PHP Fatal error:  require(): Failed opening required '__QCUBED_CORE__/framework/DisableMagicQuotes.inc.php' (include_path='.:/usr/share/php') in /var/www/html/newliberty/includes/configuration/prepend.inc.php on line 32
[30-Jun-2017 15:47:21 America/La_Paz] PHP Notice:  Use of undefined constant __QCUBED_CORE__ - assumed '__QCUBED_CORE__' in /var/www/html/newliberty/includes/configuration/prepend.inc.php on line 32
[30-Jun-2017 15:47:21 America/La_Paz] PHP Warning:  require(__QCUBED_CORE__/framework/DisableMagicQuotes.inc.php): failed to open stream: No such file or directory in /var/www/html/newliberty/includes/configuration/prepend.inc.php on line 32
[30-Jun-2017 15:47:21 America/La_Paz] PHP Fatal error:  require(): Failed opening required '__QCUBED_CORE__/framework/DisableMagicQuotes.inc.php' (include_path='.:/usr/share/php') in /var/www/html/newliberty/includes/configuration/prepend.inc.php on line 32
[30-Jun-2017 15:48:38 America/La_Paz] PHP Notice:  Use of undefined constant __QCUBED_CORE__ - assumed '__QCUBED_CORE__' in /var/www/html/newliberty/includes/configuration/prepend.inc.php on line 32
[30-Jun-2017 15:48:38 America/La_Paz] PHP Warning:  require(__QCUBED_CORE__/framework/DisableMagicQuotes.inc.php): failed to open stream: No such file or directory in /var/www/html/newliberty/includes/configuration/prepend.inc.php on line 32
[30-Jun-2017 15:48:38 America/La_Paz] PHP Fatal error:  require(): Failed opening required '__QCUBED_CORE__/framework/DisableMagicQuotes.inc.php' (include_path='.:/usr/share/php') in /var/www/html/newliberty/includes/configuration/prepend.inc.php on line 32
[30-Jun-2017 15:50:26 America/La_Paz] PHP Notice:  Use of undefined constant __QCUBED_CORE__ - assumed '__QCUBED_CORE__' in /var/www/html/newliberty/includes/configuration/prepend.inc.php on line 32
[30-Jun-2017 15:50:26 America/La_Paz] PHP Warning:  require(__QCUBED_CORE__/framework/DisableMagicQuotes.inc.php): failed to open stream: No such file or directory in /var/www/html/newliberty/includes/configuration/prepend.inc.php on line 32
[30-Jun-2017 15:50:26 America/La_Paz] PHP Fatal error:  require(): Failed opening required '__QCUBED_CORE__/framework/DisableMagicQuotes.inc.php' (include_path='.:/usr/share/php') in /var/www/html/newliberty/includes/configuration/prepend.inc.php on line 32
[30-Jun-2017 15:55:15 America/La_Paz] PHP Notice:  Use of undefined constant __QCUBED_CORE__ - assumed '__QCUBED_CORE__' in /var/www/html/newliberty/includes/configuration/prepend.inc.php on line 32
[30-Jun-2017 15:55:15 America/La_Paz] PHP Warning:  require(__QCUBED_CORE__/framework/DisableMagicQuotes.inc.php): failed to open stream: No such file or directory in /var/www/html/newliberty/includes/configuration/prepend.inc.php on line 32
[30-Jun-2017 15:55:15 America/La_Paz] PHP Fatal error:  require(): Failed opening required '__QCUBED_CORE__/framework/DisableMagicQuotes.inc.php' (include_path='.:/usr/share/php') in /var/www/html/newliberty/includes/configuration/prepend.inc.php on line 32
[30-Jun-2017 15:56:39 America/La_Paz] PHP Notice:  Use of undefined constant __QCUBED_CORE__ - assumed '__QCUBED_CORE__' in /var/www/html/newliberty/includes/configuration/prepend.inc.php on line 32
[30-Jun-2017 15:56:39 America/La_Paz] PHP Warning:  require(__QCUBED_CORE__/framework/DisableMagicQuotes.inc.php): failed to open stream: No such file or directory in /var/www/html/newliberty/includes/configuration/prepend.inc.php on line 32
[30-Jun-2017 15:56:39 America/La_Paz] PHP Fatal error:  require(): Failed opening required '__QCUBED_CORE__/framework/DisableMagicQuotes.inc.php' (include_path='.:/usr/share/php') in /var/www/html/newliberty/includes/configuration/prepend.inc.php on line 32
[30-Jun-2017 15:57:28 America/La_Paz] PHP Notice:  Use of undefined constant __QCUBED_CORE__ - assumed '__QCUBED_CORE__' in /var/www/html/newliberty/includes/configuration/prepend.inc.php on line 32
[30-Jun-2017 15:57:28 America/La_Paz] PHP Warning:  require(__QCUBED_CORE__/framework/DisableMagicQuotes.inc.php): failed to open stream: No such file or directory in /var/www/html/newliberty/includes/configuration/prepend.inc.php on line 32
[30-Jun-2017 15:57:28 America/La_Paz] PHP Fatal error:  require(): Failed opening required '__QCUBED_CORE__/framework/DisableMagicQuotes.inc.php' (include_path='.:/usr/share/php') in /var/www/html/newliberty/includes/configuration/prepend.inc.php on line 32
[30-Jun-2017 15:59:37 America/La_Paz] PHP Notice:  Use of undefined constant __QCUBED_CORE__ - assumed '__QCUBED_CORE__' in /var/www/html/newliberty/includes/configuration/prepend.inc.php on line 32
[30-Jun-2017 15:59:37 America/La_Paz] PHP Warning:  require(__QCUBED_CORE__/framework/DisableMagicQuotes.inc.php): failed to open stream: No such file or directory in /var/www/html/newliberty/includes/configuration/prepend.inc.php on line 32
[30-Jun-2017 15:59:37 America/La_Paz] PHP Fatal error:  require(): Failed opening required '__QCUBED_CORE__/framework/DisableMagicQuotes.inc.php' (include_path='.:/usr/share/php') in /var/www/html/newliberty/includes/configuration/prepend.inc.php on line 32
