2021-11-02|15:55:23|ddurand|master_cliente_edit|Arrancando el procesos, hay 11 facturas|
2021-11-02|15:55:23|ddurand|master_cliente_edit|Contador: 0|
2021-11-02|15:55:23|ddurand|master_cliente_edit|Quedan 10 facturas en el vector|
2021-11-02|15:55:23|ddurand|master_cliente_edit|Contador: 0|
2021-11-02|15:55:23|ddurand|master_cliente_edit|Quedan 10 facturas en el vector|
2021-11-02|15:55:23|ddurand|master_cliente_edit|Contador: 0|
2021-11-02|15:55:23|ddurand|master_cliente_edit|Quedan 10 facturas en el vector|
2021-11-02|15:55:23|ddurand|master_cliente_edit|Contador: 0|
2021-11-02|15:55:23|ddurand|master_cliente_edit|Quedan 10 facturas en el vector|
2021-11-02|15:55:23|ddurand|master_cliente_edit|Contador: 0|
2021-11-02|15:55:23|ddurand|master_cliente_edit|Quedan 10 facturas en el vector|
2021-11-02|15:55:23|ddurand|master_cliente_edit|Contador: 0|
2021-11-02|15:55:23|ddurand|master_cliente_edit|Quedan 10 facturas en el vector|
2021-11-02|15:55:23|ddurand|master_cliente_edit|Contador: 0|
2021-11-02|15:55:23|ddurand|master_cliente_edit|Quedan 10 facturas en el vector|
2021-11-02|15:55:23|ddurand|master_cliente_edit|Contador: 0|
2021-11-02|15:55:23|ddurand|master_cliente_edit|Quedan 10 facturas en el vector|
2021-11-02|15:55:23|ddurand|master_cliente_edit|Contador: 0|
2021-11-02|15:55:23|ddurand|master_cliente_edit|Quedan 10 facturas en el vector|
2021-11-02|15:55:23|ddurand|master_cliente_edit|Contador: 0|
2021-11-02|15:55:23|ddurand|master_cliente_edit|Quedan 10 facturas en el vector|
2021-11-02|15:55:23|ddurand|master_cliente_edit|Contador: 0|
2021-11-02|15:55:23|ddurand|master_cliente_edit|Quedan 10 facturas en el vector|
2021-11-02|15:55:23|ddurand|master_cliente_edit|Ciclo: 0|
2021-11-02|15:55:23|ddurand|master_cliente_edit|El vector de facturas a imprimir contiene: 11 elementos|
2021-11-02|15:55:23|ddurand|master_cliente_edit|El vector general contiene: 1 elementos|
2021-11-02|15:55:23|ddurand|master_cliente_edit|Arrancando el procesos, hay 10 facturas|
2021-11-02|15:55:23|ddurand|master_cliente_edit|Contador: 0|
2021-11-02|15:55:23|ddurand|master_cliente_edit|Quedan 10 facturas en el vector|
2021-11-02|15:55:23|ddurand|master_cliente_edit|Contador: 0|
2021-11-02|15:55:23|ddurand|master_cliente_edit|Quedan 10 facturas en el vector|
2021-11-02|15:55:23|ddurand|master_cliente_edit|Contador: 0|
2021-11-02|15:55:23|ddurand|master_cliente_edit|Quedan 10 facturas en el vector|
2021-11-02|15:55:23|ddurand|master_cliente_edit|Contador: 0|
2021-11-02|15:55:23|ddurand|master_cliente_edit|Quedan 10 facturas en el vector|
2021-11-02|15:55:23|ddurand|master_cliente_edit|Contador: 0|
2021-11-02|15:55:23|ddurand|master_cliente_edit|Quedan 10 facturas en el vector|
2021-11-02|15:55:23|ddurand|master_cliente_edit|Contador: 0|
2021-11-02|15:55:23|ddurand|master_cliente_edit|Quedan 10 facturas en el vector|
2021-11-02|15:55:23|ddurand|master_cliente_edit|Contador: 0|
2021-11-02|15:55:23|ddurand|master_cliente_edit|Quedan 10 facturas en el vector|
2021-11-02|15:55:23|ddurand|master_cliente_edit|Contador: 0|
2021-11-02|15:55:23|ddurand|master_cliente_edit|Quedan 10 facturas en el vector|
2021-11-02|15:55:23|ddurand|master_cliente_edit|Contador: 0|
2021-11-02|15:55:23|ddurand|master_cliente_edit|Quedan 10 facturas en el vector|
2021-11-02|15:55:23|ddurand|master_cliente_edit|Contador: 0|
2021-11-02|15:55:23|ddurand|master_cliente_edit|Quedan 10 facturas en el vector|
2021-11-02|15:55:23|ddurand|master_cliente_edit|Ciclo: 1|
2021-11-02|15:55:23|ddurand|master_cliente_edit|El vector de facturas a imprimir contiene: 10 elementos|
2021-11-02|15:55:23|ddurand|master_cliente_edit|El vector general contiene: 2 elementos|
2021-11-02|15:55:58|ddurand|master_cliente_edit|Arrancando el procesos, hay 11 facturas|
2021-11-02|15:55:58|ddurand|master_cliente_edit|Contador: 1|
2021-11-02|15:55:58|ddurand|master_cliente_edit|Quedan 10 facturas en el vector|
2021-11-02|15:55:58|ddurand|master_cliente_edit|Contador: 2|
2021-11-02|15:55:58|ddurand|master_cliente_edit|Quedan 9 facturas en el vector|
2021-11-02|15:55:58|ddurand|master_cliente_edit|Contador: 3|
2021-11-02|15:55:58|ddurand|master_cliente_edit|Quedan 8 facturas en el vector|
2021-11-02|15:55:58|ddurand|master_cliente_edit|Contador: 4|
2021-11-02|15:55:58|ddurand|master_cliente_edit|Quedan 7 facturas en el vector|
2021-11-02|15:55:58|ddurand|master_cliente_edit|Contador: 5|
2021-11-02|15:55:58|ddurand|master_cliente_edit|Quedan 6 facturas en el vector|
2021-11-02|15:55:58|ddurand|master_cliente_edit|Contador: 6|
2021-11-02|15:55:58|ddurand|master_cliente_edit|Quedan 5 facturas en el vector|
2021-11-02|15:55:58|ddurand|master_cliente_edit|Contador: 7|
2021-11-02|15:55:58|ddurand|master_cliente_edit|Quedan 4 facturas en el vector|
2021-11-02|15:55:58|ddurand|master_cliente_edit|Contador: 8|
2021-11-02|15:55:58|ddurand|master_cliente_edit|Quedan 3 facturas en el vector|
2021-11-02|15:55:58|ddurand|master_cliente_edit|Contador: 9|
2021-11-02|15:55:58|ddurand|master_cliente_edit|Quedan 2 facturas en el vector|
2021-11-02|15:55:58|ddurand|master_cliente_edit|Contador: 10|
2021-11-02|15:55:58|ddurand|master_cliente_edit|Quedan 1 facturas en el vector|
2021-11-02|15:55:58|ddurand|master_cliente_edit|Contador: 11|
2021-11-02|15:55:58|ddurand|master_cliente_edit|Quedan 0 facturas en el vector|
2021-11-02|15:55:58|ddurand|master_cliente_edit|Ciclo: 0|
2021-11-02|15:55:58|ddurand|master_cliente_edit|El vector de facturas a imprimir contiene: 11 elementos|
2021-11-02|15:55:58|ddurand|master_cliente_edit|El vector general contiene: 1 elementos|
2021-11-02|15:55:58|ddurand|master_cliente_edit|Arrancando el procesos, hay 0 facturas|
2021-11-02|15:55:58|ddurand|master_cliente_edit|Ciclo: 1|
2021-11-02|15:55:58|ddurand|master_cliente_edit|El vector de facturas a imprimir contiene: 0 elementos|
2021-11-02|15:55:58|ddurand|master_cliente_edit|El vector general contiene: 2 elementos|
2021-11-02|16:08:03|ddurand|master_cliente_edit|Arrancando el procesos, hay 11 facturas|
2021-11-02|16:08:03|ddurand|master_cliente_edit|Contador: 1|
2021-11-02|16:08:03|ddurand|master_cliente_edit|Quedan 10 facturas en el vector|
2021-11-02|16:08:03|ddurand|master_cliente_edit|Contador: 2|
2021-11-02|16:08:03|ddurand|master_cliente_edit|Quedan 9 facturas en el vector|
2021-11-02|16:08:03|ddurand|master_cliente_edit|Contador: 3|
2021-11-02|16:08:03|ddurand|master_cliente_edit|Quedan 8 facturas en el vector|
2021-11-02|16:08:03|ddurand|master_cliente_edit|Contador: 4|
2021-11-02|16:08:03|ddurand|master_cliente_edit|Quedan 7 facturas en el vector|
2021-11-02|16:08:03|ddurand|master_cliente_edit|Contador: 5|
2021-11-02|16:08:03|ddurand|master_cliente_edit|Quedan 6 facturas en el vector|
2021-11-02|16:08:03|ddurand|master_cliente_edit|Contador: 6|
2021-11-02|16:08:03|ddurand|master_cliente_edit|Quedan 5 facturas en el vector|
2021-11-02|16:08:03|ddurand|master_cliente_edit|Contador: 7|
2021-11-02|16:08:03|ddurand|master_cliente_edit|Quedan 4 facturas en el vector|
2021-11-02|16:08:03|ddurand|master_cliente_edit|Contador: 8|
2021-11-02|16:08:03|ddurand|master_cliente_edit|Quedan 3 facturas en el vector|
2021-11-02|16:08:03|ddurand|master_cliente_edit|Contador: 9|
2021-11-02|16:08:03|ddurand|master_cliente_edit|Quedan 2 facturas en el vector|
2021-11-02|16:08:03|ddurand|master_cliente_edit|Ciclo: 0|
2021-11-02|16:08:03|ddurand|master_cliente_edit|El vector de facturas a imprimir contiene: 0 elementos|
2021-11-02|16:08:03|ddurand|master_cliente_edit|El vector general contiene: 1 elementos|
2021-11-02|16:08:03|ddurand|master_cliente_edit|Arrancando el procesos, hay 2 facturas|
2021-11-02|16:08:03|ddurand|master_cliente_edit|Contador: 1|
2021-11-02|16:08:03|ddurand|master_cliente_edit|Quedan 2 facturas en el vector|
2021-11-02|16:08:03|ddurand|master_cliente_edit|Contador: 2|
2021-11-02|16:08:03|ddurand|master_cliente_edit|Quedan 2 facturas en el vector|
2021-11-02|16:08:03|ddurand|master_cliente_edit|Ciclo: 1|
2021-11-02|16:08:03|ddurand|master_cliente_edit|El vector de facturas a imprimir contiene: 2 elementos|
2021-11-02|16:08:03|ddurand|master_cliente_edit|El vector general contiene: 2 elementos|
2021-11-02|16:11:48|ddurand|master_cliente_edit|Arrancando el procesos, hay 11 facturas|
2021-11-02|16:11:48|ddurand|master_cliente_edit|Contador: 1|
2021-11-02|16:11:48|ddurand|master_cliente_edit|Quedan 10 facturas en el vector|
2021-11-02|16:11:48|ddurand|master_cliente_edit|Contador: 2|
2021-11-02|16:11:48|ddurand|master_cliente_edit|Quedan 9 facturas en el vector|
2021-11-02|16:11:48|ddurand|master_cliente_edit|Contador: 3|
2021-11-02|16:11:48|ddurand|master_cliente_edit|Quedan 8 facturas en el vector|
2021-11-02|16:11:48|ddurand|master_cliente_edit|Contador: 4|
2021-11-02|16:11:48|ddurand|master_cliente_edit|Quedan 7 facturas en el vector|
2021-11-02|16:11:48|ddurand|master_cliente_edit|Contador: 5|
2021-11-02|16:11:48|ddurand|master_cliente_edit|Quedan 6 facturas en el vector|
2021-11-02|16:11:48|ddurand|master_cliente_edit|Contador: 6|
2021-11-02|16:11:48|ddurand|master_cliente_edit|Quedan 5 facturas en el vector|
2021-11-02|16:11:48|ddurand|master_cliente_edit|Contador: 7|
2021-11-02|16:11:48|ddurand|master_cliente_edit|Quedan 4 facturas en el vector|
2021-11-02|16:11:48|ddurand|master_cliente_edit|Contador: 8|
2021-11-02|16:11:48|ddurand|master_cliente_edit|Quedan 3 facturas en el vector|
2021-11-02|16:11:48|ddurand|master_cliente_edit|Contador: 9|
2021-11-02|16:11:48|ddurand|master_cliente_edit|Quedan 2 facturas en el vector|
2021-11-02|16:11:48|ddurand|master_cliente_edit|Ciclo: 0|
2021-11-02|16:11:48|ddurand|master_cliente_edit|El vector de facturas a imprimir contiene: 9 elementos|
2021-11-02|16:11:48|ddurand|master_cliente_edit|El vector general contiene: 1 elementos|
2021-11-02|16:11:48|ddurand|master_cliente_edit|Arrancando el procesos, hay 2 facturas|
2021-11-02|16:11:48|ddurand|master_cliente_edit|Contador: 1|
2021-11-02|16:11:48|ddurand|master_cliente_edit|Quedan 2 facturas en el vector|
2021-11-02|16:11:48|ddurand|master_cliente_edit|Contador: 2|
2021-11-02|16:11:48|ddurand|master_cliente_edit|Quedan 2 facturas en el vector|
2021-11-02|16:11:48|ddurand|master_cliente_edit|Ciclo: 1|
2021-11-02|16:11:48|ddurand|master_cliente_edit|El vector de facturas a imprimir contiene: 2 elementos|
2021-11-02|16:11:48|ddurand|master_cliente_edit|El vector general contiene: 2 elementos|
2021-11-02|16:12:23|ddurand|master_cliente_edit|Arrancando el procesos, hay 11 facturas|
2021-11-02|16:12:23|ddurand|master_cliente_edit|Contador: 1|
2021-11-02|16:12:23|ddurand|master_cliente_edit|Quedan 10 facturas en el vector|
2021-11-02|16:12:23|ddurand|master_cliente_edit|Contador: 2|
2021-11-02|16:12:23|ddurand|master_cliente_edit|Quedan 9 facturas en el vector|
2021-11-02|16:12:23|ddurand|master_cliente_edit|Contador: 3|
2021-11-02|16:12:23|ddurand|master_cliente_edit|Quedan 8 facturas en el vector|
2021-11-02|16:12:23|ddurand|master_cliente_edit|Contador: 4|
2021-11-02|16:12:23|ddurand|master_cliente_edit|Quedan 7 facturas en el vector|
2021-11-02|16:12:23|ddurand|master_cliente_edit|Contador: 5|
2021-11-02|16:12:23|ddurand|master_cliente_edit|Quedan 6 facturas en el vector|
2021-11-02|16:12:23|ddurand|master_cliente_edit|Contador: 6|
2021-11-02|16:12:23|ddurand|master_cliente_edit|Quedan 5 facturas en el vector|
2021-11-02|16:12:23|ddurand|master_cliente_edit|Contador: 7|
2021-11-02|16:12:23|ddurand|master_cliente_edit|Quedan 4 facturas en el vector|
2021-11-02|16:12:23|ddurand|master_cliente_edit|Contador: 8|
2021-11-02|16:12:23|ddurand|master_cliente_edit|Quedan 3 facturas en el vector|
2021-11-02|16:12:23|ddurand|master_cliente_edit|Contador: 9|
2021-11-02|16:12:23|ddurand|master_cliente_edit|Quedan 2 facturas en el vector|
2021-11-02|16:12:23|ddurand|master_cliente_edit|Ciclo: 0|
2021-11-02|16:12:23|ddurand|master_cliente_edit|El vector de facturas a imprimir contiene: 9 elementos|
2021-11-02|16:12:23|ddurand|master_cliente_edit|El vector general contiene: 1 elementos|
2021-11-02|16:12:23|ddurand|master_cliente_edit|Arrancando el procesos, hay 2 facturas|
2021-11-02|16:12:23|ddurand|master_cliente_edit|Contador: 1|
2021-11-02|16:12:23|ddurand|master_cliente_edit|Quedan 2 facturas en el vector|
2021-11-02|16:12:23|ddurand|master_cliente_edit|Contador: 2|
2021-11-02|16:12:23|ddurand|master_cliente_edit|Quedan 2 facturas en el vector|
2021-11-02|16:12:23|ddurand|master_cliente_edit|Ciclo: 1|
2021-11-02|16:12:23|ddurand|master_cliente_edit|El vector de facturas a imprimir contiene: 2 elementos|
2021-11-02|16:12:23|ddurand|master_cliente_edit|El vector general contiene: 2 elementos|
2021-11-02|16:12:50|ddurand|master_cliente_edit|Arrancando el procesos, hay 11 facturas|
2021-11-02|16:12:50|ddurand|master_cliente_edit|Contador: 1|
2021-11-02|16:12:50|ddurand|master_cliente_edit|Quedan 10 facturas en el vector|
2021-11-02|16:12:50|ddurand|master_cliente_edit|Contador: 2|
2021-11-02|16:12:50|ddurand|master_cliente_edit|Quedan 9 facturas en el vector|
2021-11-02|16:12:50|ddurand|master_cliente_edit|Contador: 3|
2021-11-02|16:12:50|ddurand|master_cliente_edit|Quedan 8 facturas en el vector|
2021-11-02|16:12:50|ddurand|master_cliente_edit|Contador: 4|
2021-11-02|16:12:50|ddurand|master_cliente_edit|Quedan 7 facturas en el vector|
2021-11-02|16:12:50|ddurand|master_cliente_edit|Contador: 5|
2021-11-02|16:12:50|ddurand|master_cliente_edit|Quedan 6 facturas en el vector|
2021-11-02|16:12:50|ddurand|master_cliente_edit|Contador: 6|
2021-11-02|16:12:50|ddurand|master_cliente_edit|Quedan 5 facturas en el vector|
2021-11-02|16:12:50|ddurand|master_cliente_edit|Contador: 7|
2021-11-02|16:12:50|ddurand|master_cliente_edit|Quedan 4 facturas en el vector|
2021-11-02|16:12:50|ddurand|master_cliente_edit|Contador: 8|
2021-11-02|16:12:50|ddurand|master_cliente_edit|Quedan 3 facturas en el vector|
2021-11-02|16:12:50|ddurand|master_cliente_edit|Contador: 9|
2021-11-02|16:12:50|ddurand|master_cliente_edit|Quedan 2 facturas en el vector|
2021-11-02|16:12:50|ddurand|master_cliente_edit|Contador: 10|
2021-11-02|16:12:50|ddurand|master_cliente_edit|Quedan 1 facturas en el vector|
2021-11-02|16:12:50|ddurand|master_cliente_edit|Contador: 11|
2021-11-02|16:12:50|ddurand|master_cliente_edit|Quedan 0 facturas en el vector|
2021-11-02|16:12:50|ddurand|master_cliente_edit|Ciclo: 0|
2021-11-02|16:12:50|ddurand|master_cliente_edit|El vector de facturas a imprimir contiene: 11 elementos|
2021-11-02|16:12:50|ddurand|master_cliente_edit|El vector general contiene: 1 elementos|
2021-11-03|14:22:47|ddurand|===========================================|
2021-11-03|14:22:47|ddurand|Entrando a SetupValoresDeSesion en el Index|
2021-11-03|14:25:28|ddurand|Programa: mg.php|
2021-11-03|14:25:31|ddurand|mg|Programa: establecer_ubicacion.php|
2021-11-03|14:25:31|ddurand|mg|Modo edicion|
2021-11-03|14:25:32|ddurand|establecer_ubicacion|Programa: establecer_ubicacion.php|
2021-11-03|14:25:34|ddurand|establecer_ubicacion|Programa: guias_list.php|
2021-11-03|14:25:34|ddurand|guias_list|Fecha de Hoy: 2021-11-03|
2021-11-03|14:25:35|ddurand|guias_list|Buscando ultimo checkpoint de la guia: 00082201 (id: 79412)|
2021-11-03|14:25:36|ddurand|guias_list|Mismo checkpoint para todas las piezas|
2021-11-03|14:25:36|ddurand|guias_list|Buscando ultimo checkpoint de la guia: 00082200 (id: 79411)|
2021-11-03|14:25:36|ddurand|guias_list|Mismo checkpoint para todas las piezas|
2021-11-03|14:25:36|ddurand|guias_list|Buscando ultimo checkpoint de la guia: 00081973 (id: 79184)|
2021-11-03|14:25:37|ddurand|guias_list|Mismo checkpoint para todas las piezas|
2021-11-03|14:25:37|ddurand|guias_list|Buscando ultimo checkpoint de la guia: 00081970 (id: 79181)|
2021-11-03|14:25:37|ddurand|guias_list|Mismo checkpoint para todas las piezas|
2021-11-03|14:25:37|ddurand|guias_list|Buscando ultimo checkpoint de la guia: 00081713 (id: 78924)|
2021-11-03|14:25:38|ddurand|guias_list|Tiene una sola pieza, se retorna: PU|
2021-11-03|14:25:38|ddurand|guias_list|Buscando ultimo checkpoint de la guia: 00081711 (id: 78922)|
2021-11-03|14:25:38|ddurand|guias_list|Tiene una sola pieza, se retorna: PU|
2021-11-03|14:25:42|ddurand|guias_list|Programa: guias_list.php|
2021-11-03|14:25:43|ddurand|guias_list|Programa: crear_guia_exp.php|
2021-11-03|14:25:43|ddurand|guias_list|Voy a borrar las piezas del Usuario: 1|
2021-11-03|14:25:43|ddurand|guias_list|Borrando de piezas_temp...|
2021-11-03|14:25:43|ddurand|guias_list|Borrando de piezas_temp...|
2021-11-03|14:25:43|ddurand|guias_list|Se trata de una Guia nueva, así que elimine todas las piezas temporales del Usuario|
2021-11-03|14:25:53|ddurand|crear_guia_exp|Programa: crear_guia_exp.php|
2021-11-03|14:26:25|ddurand|crear_guia_exp|Programa: crear_guia_exp.php|
2021-11-03|14:26:28|ddurand|crear_guia_exp|Programa: crear_guia_exp.php|
2021-11-03|14:26:34|ddurand|crear_guia_exp|Programa: crear_guia_exp.php|
2021-11-03|14:26:34|ddurand|crear_guia_exp|Agregando...|
2021-11-03|14:26:48|ddurand|crear_guia_exp|Programa: crear_guia_exp.php|
2021-11-03|14:26:49|ddurand|crear_guia_exp|Programa: crear_guia_exp.php|
2021-11-03|14:26:49|ddurand|crear_guia_exp|Programa: crear_guia_exp.php|
2021-11-03|14:27:16|ddurand|crear_guia_exp|Programa: crear_guia_exp.php|
2021-11-03|14:27:16|ddurand|crear_guia_exp|Estoy en modo insercion|
2021-11-03|14:27:16|ddurand|crear_guia_exp|Salve en PiezasTemp|
2021-11-03|14:27:24|ddurand|crear_guia_exp|Programa: crear_guia_exp.php|
2021-11-03|14:27:29|ddurand|crear_guia_exp|Programa: crear_guia_exp.php|
2021-11-03|14:27:29|ddurand|crear_guia_exp|=================|
2021-11-03|14:27:29|ddurand|crear_guia_exp|Guardando la Guia|
2021-11-03|14:27:29|ddurand|crear_guia_exp|Remitente almacenado|
2021-11-03|14:27:29|ddurand|crear_guia_exp|Destinatario almacenado|
2021-11-03|14:27:29|ddurand|crear_guia_exp|Campos de la guia actualizados|
2021-11-03|14:27:29|ddurand|crear_guia_exp|TodoOkey: 1|
2021-11-03|14:27:29|ddurand|crear_guia_exp|Guia Guardada|
2021-11-03|14:27:29|ddurand|crear_guia_exp|Voy a procesar las piezas|
2021-11-03|14:27:29|ddurand|crear_guia_exp|=============================|
2021-11-03|14:27:29|ddurand|crear_guia_exp|Rutina: Procesando las Piezas|
2021-11-03|14:27:29|ddurand|crear_guia_exp|Las piezas de la guia han sido borradas|
2021-11-03|14:27:30|ddurand|crear_guia_exp|acumulando...|
2021-11-03|14:27:30|ddurand|crear_guia_exp|Guia actualizada|
2021-11-03|14:27:30|ddurand|crear_guia_exp|Regresando a la invocacion de la rutina|
2021-11-03|14:27:30|ddurand|crear_guia_exp|Regrese el procesamiento de las piezas|
2021-11-03|14:27:30|ddurand|crear_guia_exp||
2021-11-03|14:27:30|ddurand|crear_guia_exp|================================|
2021-11-03|14:27:30|ddurand|crear_guia_exp|Rutina: calcularTodoLosConceptos|
2021-11-03|14:27:30|ddurand|crear_guia_exp|1ero se eliminan los conceptos existentes asociados a la guia|
2021-11-03|14:27:30|ddurand|crear_guia_exp|Los conceptos de la guia han sido borrados|
2021-11-03|14:27:30|ddurand|crear_guia_exp|Ahora se calculan los conceptos de la guia: 93565|
2021-11-03|14:27:30|ddurand|crear_guia_exp|Dentro de la Guia, calculando el Concepto: FLETE_EXM|
2021-11-03|14:27:30|ddurand|crear_guia_exp|Rutina: calcularConcepto|
2021-11-03|14:27:30|ddurand|crear_guia_exp|El concepto actua sobre: pies_cub|
2021-11-03|14:27:30|ddurand|crear_guia_exp|El Id del Concepto es: 11|
2021-11-03|14:27:30|ddurand|crear_guia_exp|Se trata de un metodo|
2021-11-03|14:27:30|ddurand|crear_guia_exp|Calculando metodo flete_exp...|
2021-11-03|14:27:30|ddurand|crear_guia_exp|Rutina: flete_exp|
2021-11-03|14:27:30|ddurand|crear_guia_exp|El peso usado para calcular la Tarifa sera: 1.00|
2021-11-03|14:27:30|ddurand|crear_guia_exp|Monto de la Tarifa: 25|
2021-11-03|14:27:30|ddurand|crear_guia_exp|Se debe aplicar la tasa: 4.2 de cambio para llevar a Bs|
2021-11-03|14:27:30|ddurand|crear_guia_exp|Saliendo de la Guia, despues de hacer calculado el concepto...|
2021-11-03|14:27:30|ddurand|crear_guia_exp|Concepto grabado en la DB|
2021-11-03|14:27:30|ddurand|crear_guia_exp|Dentro de la Guia, calculando el Concepto: IVA|
2021-11-03|14:27:30|ddurand|crear_guia_exp|Rutina: calcularConcepto|
2021-11-03|14:27:30|ddurand|crear_guia_exp|El concepto actua sobre: 1|
2021-11-03|14:27:30|ddurand|crear_guia_exp|El Id del Concepto es: 2|
2021-11-03|14:27:30|ddurand|crear_guia_exp|Se trata de un valor numerico, por lo tanto aplica directamente|
2021-11-03|14:27:30|ddurand|crear_guia_exp|Actua sobre: 1|
2021-11-03|14:27:30|ddurand|crear_guia_exp|Tipo BASEIMP|
2021-11-03|14:27:30|ddurand|crear_guia_exp|========================|
2021-11-03|14:27:30|ddurand|crear_guia_exp|Rutina: conceptosBaseImp|
2021-11-03|14:27:30|ddurand|crear_guia_exp|El IVA aplica sobre otros conceptos cuya campo 'base_imponible' sea: 1, los voy a buscar y sumar|
2021-11-03|14:27:30|ddurand|crear_guia_exp|Existen: 1 conceptos que forman la base imponible del IVA|
2021-11-03|14:27:30|ddurand|crear_guia_exp|La base imponible es: 105|
2021-11-03|14:27:30|ddurand|crear_guia_exp|El valor del BASEIMP es: 105|
2021-11-03|14:27:30|ddurand|crear_guia_exp|Aplica como porcentaje|
2021-11-03|14:27:30|ddurand|crear_guia_exp|Se aplico: 16% sobre el concepto 105 obteniendo: 16.8|
2021-11-03|14:27:30|ddurand|crear_guia_exp|Saliendo de la Guia, despues de hacer calculado el concepto...|
2021-11-03|14:27:30|ddurand|crear_guia_exp|Concepto grabado en la DB|
2021-11-03|14:27:30|ddurand|crear_guia_exp|Dentro de la Guia, calculando el Concepto: SEGURO_EXP5|
2021-11-03|14:27:30|ddurand|crear_guia_exp|Rutina: calcularConcepto|
2021-11-03|14:27:30|ddurand|crear_guia_exp|El concepto actua sobre: valor_declarado|
2021-11-03|14:27:30|ddurand|crear_guia_exp|El Id del Concepto es: 5|
2021-11-03|14:27:30|ddurand|crear_guia_exp|Para calcular el concepto, se debe cumplir la condicion: estaAsegurado|
2021-11-03|14:27:30|ddurand|crear_guia_exp|La condicion no se satisface|
2021-11-03|14:27:30|ddurand|crear_guia_exp|Concepto grabado en la DB|
2021-11-03|14:27:30|ddurand|crear_guia_exp|Se actualizo el total de la guia con: 121.8|
2021-11-03|14:27:30|ddurand|crear_guia_exp|=====================================|
2021-11-03|14:27:30|ddurand|crear_guia_exp|Entrando a GrabarCheckpointOptimizado|
2021-11-03|14:27:30|ddurand|crear_guia_exp|==========================|
2021-11-03|14:27:30|ddurand|crear_guia_exp|Rutina: Determinar Usuario|
2021-11-03|14:27:30|ddurand|crear_guia_exp|Es un Usuario Interno del Sistema|
2021-11-03|14:27:30|ddurand|crear_guia_exp|El Usuario es: 1 y esta en la Sucursal: 15|
2021-11-03|14:27:30|ddurand|crear_guia_exp|Encontre la pieza|
2021-11-03|14:27:30|ddurand|crear_guia_exp|El checkpoint se puede procesar|
2021-11-03|14:27:30|ddurand|crear_guia_exp|Se grabo el checkpoint a la pieza|
2021-11-03|14:27:30|ddurand|crear_guia_exp|Proceso actualizado|
2021-11-03|14:27:30|ddurand|crear_guia_exp|Guia guardada en formatos de impresion|
2021-11-03|14:27:30|ddurand|crear_guia_exp|Voy a borrar las piezas del Usuario: 1|
2021-11-03|14:27:30|ddurand|crear_guia_exp|Borrando de piezas_temp...|
2021-11-03|14:27:30|ddurand|crear_guia_exp|Programa: consulta_guia_new.php|
2021-11-03|14:27:34|ddurand|consulta_guia_new|Programa: consulta_guia_new.php|
2021-11-03|14:27:34|ddurand|consulta_guia_new|=====================|
2021-11-03|14:27:34|ddurand|consulta_guia_new|En Facturas.class.php|
2021-11-03|14:27:34|ddurand|consulta_guia_new|Creando registro de la factura|
2021-11-03|14:27:34|ddurand|consulta_guia_new|Referencia generada: 00344-2021|
2021-11-03|14:27:34|ddurand|consulta_guia_new|Saliendo de la rutina con: 00344-2021|
2021-11-03|14:27:34|ddurand|consulta_guia_new|Ahora voy a asociada cada guía con la factura recien creada|
2021-11-03|14:27:34|ddurand|consulta_guia_new|=========================|
2021-11-03|14:27:34|ddurand|consulta_guia_new|En FacturaGuias.class.php|
2021-11-03|14:27:34|ddurand|consulta_guia_new|Procesando la Guia: 00096457|
2021-11-03|14:27:34|ddurand|consulta_guia_new|La guia tiene: 3 conceptos|
2021-11-03|14:27:34|ddurand|consulta_guia_new|Procesando el concepto: FLETE_EXM|
2021-11-03|14:27:34|ddurand|consulta_guia_new|No existia, voy a crearlo|
2021-11-03|14:27:34|ddurand|consulta_guia_new|Procesando el concepto: IVA|
2021-11-03|14:27:34|ddurand|consulta_guia_new|No existia, voy a crearlo|
2021-11-03|14:27:35|ddurand|consulta_guia_new|Procesando el concepto: SEGURO_EXP5|
2021-11-03|14:27:35|ddurand|consulta_guia_new|No existia, voy a crearlo|
2021-11-03|14:27:35|ddurand|consulta_guia_new|Se procesaron los conceptos de la guia|
2021-11-03|14:27:35|ddurand|consulta_guia_new|Programa: facturas_edit.php|
2021-11-03|14:27:35|ddurand|consulta_guia_new|Actualizando campos en la pantalla|
2021-11-03|14:27:35|ddurand|consulta_guia_new|aja|
2021-11-03|14:27:35|ddurand|consulta_guia_new|voy|
2021-11-03|14:27:35|ddurand|consulta_guia_new|No se ha cobrado nada,... tampoco hay cambio ni vuelto que dar|
2021-11-03|14:27:44|ddurand|facturas_edit|Programa: facturas_edit.php|
2021-11-03|14:27:44|ddurand|facturas_edit|Programa: consulta_guia_new.php|
2021-11-03|14:27:51|ddurand|consulta_guia_new|Programa: facturas_edit.php|
2021-11-03|14:27:51|ddurand|consulta_guia_new|Actualizando campos en la pantalla|
2021-11-03|14:27:51|ddurand|consulta_guia_new|aja|
2021-11-03|14:27:51|ddurand|consulta_guia_new|voy|
2021-11-03|14:27:51|ddurand|consulta_guia_new|No se ha cobrado nada,... tampoco hay cambio ni vuelto que dar|
2021-11-03|14:57:01|ddurand|facturas_edit|Programa: mg.php|
2021-11-03|14:57:04|ddurand|mg|Programa: logout.php|
2021-11-03|14:57:05|ddurand|logout|Programa: logout.php|
2021-11-03|14:57:17|ddurand|===========================================|
2021-11-03|14:57:17|ddurand|Entrando a SetupValoresDeSesion en el Index|
2021-11-03|16:01:14|ddurand|===========================================|
2021-11-03|16:01:14|ddurand|Entrando a SetupValoresDeSesion en el Index|
2021-11-03|16:01:42|ddurand|Programa: mg.php|
2021-11-03|16:01:45|ddurand|mg|Programa: establecer_ubicacion.php|
2021-11-03|16:01:45|ddurand|mg|Modo edicion|
2021-11-03|16:01:48|ddurand|establecer_ubicacion|Programa: establecer_ubicacion.php|
2021-11-03|16:01:49|ddurand|establecer_ubicacion|Programa: guias_list.php|
2021-11-03|16:01:49|ddurand|guias_list|Fecha de Hoy: 2021-11-03|
2021-11-03|16:01:49|ddurand|guias_list|Buscando ultimo checkpoint de la guia: 00096457 (id: 93565)|
2021-11-03|16:01:50|ddurand|guias_list|Tiene una sola pieza, se retorna: PU|
2021-11-03|16:01:50|ddurand|guias_list|Buscando ultimo checkpoint de la guia: 00082201 (id: 79412)|
2021-11-03|16:01:51|ddurand|guias_list|Mismo checkpoint para todas las piezas|
2021-11-03|16:01:51|ddurand|guias_list|Buscando ultimo checkpoint de la guia: 00082200 (id: 79411)|
2021-11-03|16:01:51|ddurand|guias_list|Mismo checkpoint para todas las piezas|
2021-11-03|16:01:51|ddurand|guias_list|Buscando ultimo checkpoint de la guia: 00081973 (id: 79184)|
2021-11-03|16:01:52|ddurand|guias_list|Mismo checkpoint para todas las piezas|
2021-11-03|16:01:52|ddurand|guias_list|Buscando ultimo checkpoint de la guia: 00081970 (id: 79181)|
2021-11-03|16:01:52|ddurand|guias_list|Mismo checkpoint para todas las piezas|
2021-11-03|16:01:52|ddurand|guias_list|Buscando ultimo checkpoint de la guia: 00081713 (id: 78924)|
2021-11-03|16:01:53|ddurand|guias_list|Tiene una sola pieza, se retorna: PU|
2021-11-03|16:01:53|ddurand|guias_list|Buscando ultimo checkpoint de la guia: 00081711 (id: 78922)|
2021-11-03|16:01:53|ddurand|guias_list|Tiene una sola pieza, se retorna: PU|
2021-11-03|16:01:56|ddurand|guias_list|Programa: guias_list.php|
2021-11-03|16:01:56|ddurand|guias_list|Programa: crear_guia_exp.php|
2021-11-03|16:01:56|ddurand|guias_list|Voy a borrar las piezas del Usuario: 1|
2021-11-03|16:01:56|ddurand|guias_list|Se trata de una Guia nueva, así que elimine todas las piezas temporales del Usuario|
2021-11-03|16:01:59|ddurand|crear_guia_exp|Programa: crear_guia_exp.php|
2021-11-03|16:02:03|ddurand|crear_guia_exp|Programa: crear_guia_exp.php|
2021-11-03|16:02:06|ddurand|crear_guia_exp|Programa: crear_guia_exp.php|
2021-11-03|16:02:13|ddurand|crear_guia_exp|Programa: crear_guia_exp.php|
2021-11-03|16:02:13|ddurand|crear_guia_exp|Agregando...|
2021-11-03|16:02:19|ddurand|crear_guia_exp|Programa: crear_guia_exp.php|
2021-11-03|16:02:19|ddurand|crear_guia_exp|Programa: crear_guia_exp.php|
2021-11-03|16:02:20|ddurand|crear_guia_exp|Programa: crear_guia_exp.php|
2021-11-03|16:02:32|ddurand|crear_guia_exp|Programa: crear_guia_exp.php|
2021-11-03|16:02:32|ddurand|crear_guia_exp|Estoy en modo insercion|
2021-11-03|16:02:32|ddurand|crear_guia_exp|Salve en PiezasTemp|
2021-11-03|16:02:44|ddurand|crear_guia_exp|Programa: logout.php|
2021-11-03|16:02:46|ddurand|logout|Programa: logout.php|
